COBALT_JOBID =  613052
COBALT_JOBSIZE (nodes) = 256
COBALT_PARTNAME =  508-509,1020-1025,1027-1039,1101,1103,1108-1109,1200,1202-1207,1211-1213,1216-1218,1370-1371,1373,1376,1450,1452,1454-1459,1530,1532,1580-1586,1588-1589,1720-1729,1897,1928-1929,1986-1987,2136-2139,2390,2392-2397,2416,2433,2439,2550-2559,2669,2890-2899,2965,3007-3009,3024,3069-3071,3074,3094,3108,3164-3166,3199,3264-3265,3268-3269,3279,3281-3282,3284,3310-3313,3315-3319,3330-3332,3334-3335,3361,3364,3369,3464-3469,3478-3482,3485-3489,3569,3640-3646,3648-3649,3730-3733,3735-3737,3780,3785,3846,3860-3863,3865-3869,3895,3911-3915,3917-3919,3932,3940-3941,3951,3997,4021,4030,4034,4036,4081,4084-4087,4132,4150-4151,4153-4154,4156-4159,4220-4223,4226,4248-4249,4269-4270,4272,4276-4277,4333,4338,4343,4368,4370,4372-4375,4377-4380,4386,4418-4419
%%% start Thu Aug  4 12:15:43 UTC 2022
%%% after_module_loads Thu Aug  4 12:15:44 UTC 2022
%%% before eventselection with 16 run number 1 at Thu Aug  4 12:15:44 UTC 2022
%%% after eventselection with 16 run number 1 at Thu Aug  4 12:27:10 UTC 2022
%%% before eventselection with 32 run number 1 at Thu Aug  4 12:27:10 UTC 2022
%%% after eventselection with 32 run number 1 at Thu Aug  4 12:33:42 UTC 2022
%%% before eventselection with 64 run number 1 at Thu Aug  4 12:33:42 UTC 2022
%%% after eventselection with 64 run number 1 at Thu Aug  4 12:37:12 UTC 2022
%%% before eventselection with 128 run number 1 at Thu Aug  4 12:37:12 UTC 2022
%%% after eventselection with 128 run number 1 at Thu Aug  4 12:39:23 UTC 2022
%%% before eventselection with 256 run number 1 at Thu Aug  4 12:39:23 UTC 2022
%%% after eventselection with 256 run number 1 at Thu Aug  4 12:41:29 UTC 2022
%%% before eventselection with 16 run number 2 at Thu Aug  4 12:41:29 UTC 2022
%%% after eventselection with 16 run number 2 at Thu Aug  4 12:52:54 UTC 2022
%%% before eventselection with 32 run number 2 at Thu Aug  4 12:52:54 UTC 2022
%%% after eventselection with 32 run number 2 at Thu Aug  4 12:59:25 UTC 2022
%%% before eventselection with 64 run number 2 at Thu Aug  4 12:59:25 UTC 2022
%%% after eventselection with 64 run number 2 at Thu Aug  4 13:02:57 UTC 2022
%%% before eventselection with 128 run number 2 at Thu Aug  4 13:02:57 UTC 2022
%%% after eventselection with 128 run number 2 at Thu Aug  4 13:05:10 UTC 2022
%%% before eventselection with 256 run number 2 at Thu Aug  4 13:05:10 UTC 2022
%%% after eventselection with 256 run number 2 at Thu Aug  4 13:07:14 UTC 2022
%%% before eventselection with 16 run number 3 at Thu Aug  4 13:07:14 UTC 2022
%%% after eventselection with 16 run number 3 at Thu Aug  4 13:18:44 UTC 2022
%%% before eventselection with 32 run number 3 at Thu Aug  4 13:18:44 UTC 2022
%%% after eventselection with 32 run number 3 at Thu Aug  4 13:25:18 UTC 2022
%%% before eventselection with 64 run number 3 at Thu Aug  4 13:25:18 UTC 2022
%%% after eventselection with 64 run number 3 at Thu Aug  4 13:28:52 UTC 2022
%%% before eventselection with 128 run number 3 at Thu Aug  4 13:28:52 UTC 2022
%%% after eventselection with 128 run number 3 at Thu Aug  4 13:31:08 UTC 2022
%%% before eventselection with 256 run number 3 at Thu Aug  4 13:31:08 UTC 2022
%%% after eventselection with 256 run number 3 at Thu Aug  4 13:33:25 UTC 2022
%%% before eventselection with 16 run number 4 at Thu Aug  4 13:33:25 UTC 2022
%%% after eventselection with 16 run number 4 at Thu Aug  4 13:44:51 UTC 2022
%%% before eventselection with 32 run number 4 at Thu Aug  4 13:44:51 UTC 2022
%%% after eventselection with 32 run number 4 at Thu Aug  4 13:51:21 UTC 2022
%%% before eventselection with 64 run number 4 at Thu Aug  4 13:51:21 UTC 2022
%%% after eventselection with 64 run number 4 at Thu Aug  4 13:54:51 UTC 2022
%%% before eventselection with 128 run number 4 at Thu Aug  4 13:54:51 UTC 2022
%%% after eventselection with 128 run number 4 at Thu Aug  4 13:57:02 UTC 2022
%%% before eventselection with 256 run number 4 at Thu Aug  4 13:57:02 UTC 2022
%%% after eventselection with 256 run number 4 at Thu Aug  4 13:59:01 UTC 2022
%%% before eventselection with 16 run number 5 at Thu Aug  4 13:59:01 UTC 2022
%%% after eventselection with 16 run number 5 at Thu Aug  4 14:10:23 UTC 2022
%%% before eventselection with 32 run number 5 at Thu Aug  4 14:10:23 UTC 2022
