COBALT_JOBID =  612072
COBALT_JOBSIZE (nodes) = 256
COBALT_PARTNAME =  961-963,968-969,2103,2108-2109,2343-2349,2366-2379,2410,2460-2461,2469,2560-2574,2576-2579,2590-2594,2596-2599,2650-2659,2692,2694,2698,2750,2752-2759,2820-2827,2854,2908,2916,2969-2977,3000,3020-3022,3025,3027,3034-3035,3095,3098-3099,3110,3112-3113,3124-3125,3140,3142-3147,3195,3224,3253,3260-3262,3266-3267,3280,3308,3336-3337,3375,3377,3380-3389,3418-3419,3435,3460-3463,3560-3568,3573-3576,3578,3590,3598-3599,3630-3639,3660-3661,3663,3666-3667,3690-3691,3695,3699,3704,3708-3709,3728,3786,3815,3890-3894,3896-3899,3933-3939,3948-3949,3960,3962-3970,3973,3976-3977,3982-3983,3988,4014,4040,4071-4075,4077,4079,4100-4109,4124,4201,4213,4215
%%% start Sat Jul 30 22:30:31 UTC 2022
%%% after_module_loads Sat Jul 30 22:30:35 UTC 2022
%%% before eventselection with 16 run number 1 at Sat Jul 30 22:30:35 UTC 2022
%%% after eventselection with 16 run number 1 at Sat Jul 30 22:37:18 UTC 2022
%%% before eventselection with 32 run number 1 at Sat Jul 30 22:37:19 UTC 2022
%%% after eventselection with 32 run number 1 at Sat Jul 30 22:40:53 UTC 2022
%%% before eventselection with 64 run number 1 at Sat Jul 30 22:40:53 UTC 2022
%%% after eventselection with 64 run number 1 at Sat Jul 30 22:43:09 UTC 2022
%%% before eventselection with 128 run number 1 at Sat Jul 30 22:43:09 UTC 2022
%%% after eventselection with 128 run number 1 at Sat Jul 30 22:44:46 UTC 2022
%%% before eventselection with 256 run number 1 at Sat Jul 30 22:44:46 UTC 2022
%%% after eventselection with 256 run number 1 at Sat Jul 30 22:46:23 UTC 2022
%%% before eventselection with 16 run number 2 at Sat Jul 30 22:46:23 UTC 2022
%%% after eventselection with 16 run number 2 at Sat Jul 30 22:53:02 UTC 2022
%%% before eventselection with 32 run number 2 at Sat Jul 30 22:53:02 UTC 2022
%%% after eventselection with 32 run number 2 at Sat Jul 30 22:56:42 UTC 2022
%%% before eventselection with 64 run number 2 at Sat Jul 30 22:56:42 UTC 2022
%%% after eventselection with 64 run number 2 at Sat Jul 30 22:58:55 UTC 2022
%%% before eventselection with 128 run number 2 at Sat Jul 30 22:58:55 UTC 2022
%%% after eventselection with 128 run number 2 at Sat Jul 30 23:00:38 UTC 2022
%%% before eventselection with 256 run number 2 at Sat Jul 30 23:00:38 UTC 2022
%%% after eventselection with 256 run number 2 at Sat Jul 30 23:02:12 UTC 2022
%%% before eventselection with 16 run number 3 at Sat Jul 30 23:02:12 UTC 2022
%%% after eventselection with 16 run number 3 at Sat Jul 30 23:08:47 UTC 2022
%%% before eventselection with 32 run number 3 at Sat Jul 30 23:08:47 UTC 2022
%%% after eventselection with 32 run number 3 at Sat Jul 30 23:12:30 UTC 2022
%%% before eventselection with 64 run number 3 at Sat Jul 30 23:12:30 UTC 2022
%%% after eventselection with 64 run number 3 at Sat Jul 30 23:14:46 UTC 2022
%%% before eventselection with 128 run number 3 at Sat Jul 30 23:14:46 UTC 2022
%%% after eventselection with 128 run number 3 at Sat Jul 30 23:16:29 UTC 2022
%%% before eventselection with 256 run number 3 at Sat Jul 30 23:16:29 UTC 2022
%%% after eventselection with 256 run number 3 at Sat Jul 30 23:18:13 UTC 2022
%%% before eventselection with 16 run number 4 at Sat Jul 30 23:18:13 UTC 2022
%%% after eventselection with 16 run number 4 at Sat Jul 30 23:24:51 UTC 2022
%%% before eventselection with 32 run number 4 at Sat Jul 30 23:24:51 UTC 2022
%%% after eventselection with 32 run number 4 at Sat Jul 30 23:28:29 UTC 2022
%%% before eventselection with 64 run number 4 at Sat Jul 30 23:28:29 UTC 2022
%%% after eventselection with 64 run number 4 at Sat Jul 30 23:30:44 UTC 2022
%%% before eventselection with 128 run number 4 at Sat Jul 30 23:30:44 UTC 2022
%%% after eventselection with 128 run number 4 at Sat Jul 30 23:32:21 UTC 2022
%%% before eventselection with 256 run number 4 at Sat Jul 30 23:32:21 UTC 2022
%%% after eventselection with 256 run number 4 at Sat Jul 30 23:34:13 UTC 2022
%%% before eventselection with 16 run number 5 at Sat Jul 30 23:34:13 UTC 2022
%%% after eventselection with 16 run number 5 at Sat Jul 30 23:40:49 UTC 2022
%%% before eventselection with 32 run number 5 at Sat Jul 30 23:40:49 UTC 2022
%%% after eventselection with 32 run number 5 at Sat Jul 30 23:44:31 UTC 2022
%%% before eventselection with 64 run number 5 at Sat Jul 30 23:44:31 UTC 2022
%%% after eventselection with 64 run number 5 at Sat Jul 30 23:46:48 UTC 2022
%%% before eventselection with 128 run number 5 at Sat Jul 30 23:46:48 UTC 2022
%%% after eventselection with 128 run number 5 at Sat Jul 30 23:48:26 UTC 2022
%%% before eventselection with 256 run number 5 at Sat Jul 30 23:48:26 UTC 2022
%%% after eventselection with 256 run number 5 at Sat Jul 30 23:50:04 UTC 2022
Exit status of aprun is: 
